<?xml version="1.0" encoding="UTF-8"?>
<!-- Generated by org.testng.reporters.JUnitReportReporter -->
<testsuite skipped="1" hostname="DESKTOP-0K72I4M" name="TestJava.ShopFunctionalityTest" tests="1" failures="0" timestamp="2020-12-27T16:55:53 IST" time="0.000" errors="0">
  <testcase name="add_To_Basket_View_Basket" time="0.000" classname="TestJava.ShopFunctionalityTest">
    <skipped/>
  </testcase> <!-- add_To_Basket_View_Basket -->
  <system-out/>
</testsuite> <!-- TestJava.ShopFunctionalityTest -->
