<?xml version="1.0" encoding="UTF-8"?>
<!-- Generated by org.testng.reporters.JUnitReportReporter -->
<testsuite skipped="0" hostname="DESKTOP-0K72I4M" name="HomePageTest" tests="1" failures="0" timestamp="2020-12-14T22:39:30 IST" time="71.934" errors="0">
  <testcase name="imagesInArrivalShoulsNavigate" time="71.934" classname="HomePageTest"/>
  <system-out/>
</testsuite> <!-- HomePageTest -->
